<?xml version="1.0" encoding="UTF-8"?>
<!-- Generated by org.testng.reporters.JUnitXMLReporter -->
<testsuite ignored="0" hostname="LAPTOP-M644PBGN" failures="0" tests="5" name="Movies Test" time="164.448" errors="0" timestamp="2021-03-18T18:39:24 IST">
  <testcase classname="homepageTest.MoviesTestCases" name="testIsMoviesButtonPresent_20009" time="26.441"/>
  <testcase classname="homepageTest.MoviesTestCases" name="checkIfClearButtonIsActive_20010" time="39.634"/>
  <testcase classname="homepageTest.MoviesTestCases" name="testIfLanguagesButtonIsActive_20011" time="31.298"/>
  <testcase classname="homepageTest.MoviesTestCases" name="testIfLanguagesAreDisplayed_20012" time="31.036"/>
  <testcase classname="homepageTest.MoviesTestCases" name="printListOfAllTheLanguages_20013" time="29.497"/>
</testsuite> <!-- Movies Test -->
