<?xml version="1.0" encoding="UTF-8"?>
<!-- Generated by org.testng.reporters.JUnitXMLReporter -->
<testsuite ignored="2" hostname="LAPTOP-M644PBGN" failures="0" tests="5" name="SignIn Test" time="205.154" errors="0" timestamp="2021-03-18T18:36:39 IST">
  <testcase classname="homepageTest.SignInTestCases" name="testSignInButton_20014" time="33.426"/>
  <testcase classname="homepageTest.SignInTestCases" name="verifyIfContinueWithGoogleIsPresent_20015" time="28.368"/>
  <testcase classname="homepageTest.SignInTestCases" name="testContinueWithGoogleButton_20016" time="42.018"/>
  <testcase classname="homepageTest.SignInTestCases" name="signInWithInValidEmail_20019" time="51.722"/>
  <testcase classname="homepageTest.SignInTestCases" name="produceErrorWhileSignInWithoutEmail_20020" time="40.648"/>
  <testcase classname="homepageTest.SignInTestCases" name="signInWithValidEmailAndInvalidPassword_20018" time="0.0">
    <ignored/>
  </testcase> <!-- signInWithValidEmailAndInvalidPassword_20018 -->
  <testcase classname="homepageTest.SignInTestCases" name="signInWithValidEmail_20017" time="0.0">
    <ignored/>
  </testcase> <!-- signInWithValidEmail_20017 -->
</testsuite> <!-- SignIn Test -->
