<?xml version="1.0" encoding="UTF-8"?>
<!-- Generated by org.testng.reporters.JUnitXMLReporter -->
<testsuite ignored="0" hostname="LAPTOP-M644PBGN" failures="0" tests="8" name="Sports Test" time="263.106" errors="0" timestamp="2021-03-18T18:43:47 IST">
  <testcase classname="homepageTest.SportsTestCases" name="checkIfCityElementIsActive_20001" time="23.878"/>
  <testcase classname="homepageTest.SportsTestCases" name="getTheListOfAllSportsActivity_20007" time="37.485"/>
  <testcase classname="homepageTest.SportsTestCases" name="testScrollDownFunctionality_20008" time="35.782"/>
  <testcase classname="homepageTest.SportsTestCases" name="verifyIfTheListOfEventsAreDisplayed_20006" time="37.132"/>
  <testcase classname="homepageTest.SportsTestCases" name="selectCityFromTheList_20002" time="21.626"/>
  <testcase classname="homepageTest.SportsTestCases" name="testSportsLinkButton_20003" time="23.212"/>
  <testcase classname="homepageTest.SportsTestCases" name="testIfUserIsAbleToChangeTheCity_20004" time="38.987"/>
  <testcase classname="homepageTest.SportsTestCases" name="testThisWeekendFunctionality_20005" time="33.705"/>
</testsuite> <!-- Sports Test -->
