<?xml version="1.0" encoding="UTF-8"?>
<testng-results ignored="2" total="20" passed="18" failed="0" skipped="0">
  <reporter-output>
  </reporter-output>
  <suite started-at="2021-03-18T18:33:14 IST" name="Smoke TestSuite" finished-at="2021-03-18T18:43:47 IST" duration-ms="632757">
    <groups>
    </groups>
    <test started-at="2021-03-18T18:33:14 IST" name="SignIn Test" finished-at="2021-03-18T18:36:39 IST" duration-ms="205154">
      <class name="homepageTest.SignInTestCases">
        <test-method is-config="true" signature="setUp()[pri:0, instance:homepageTest.SignInTestCases@3cc2931c]" started-at="2021-03-18T18:33:14 IST" name="setUp" finished-at="2021-03-18T18:33:15 IST" duration-ms="998" status="PASS">
          <reporter-output>
          </reporter-output>
        </test-method> <!-- setUp -->
        <test-method signature="testSignInButton_20014(java.lang.reflect.Method)[pri:0, instance:homepageTest.SignInTestCases@3cc2931c]" started-at="2021-03-18T18:33:15 IST" name="testSignInButton_20014" finished-at="2021-03-18T18:33:49 IST" duration-ms="33426" status="PASS">
          <params>
            <param index="0">
              <value>
                <![CDATA[public void homepageTest.SignInTestCases.testSignInButton_20014(java.lang.reflect.Method)]]>
              </value>
            </param>
          </params>
          <reporter-output>
          </reporter-output>
        </test-method> <!-- testSignInButton_20014 -->
        <test-method is-config="true" signature="cleanUp(org.testng.ITestResult)[pri:0, instance:homepageTest.SignInTestCases@3cc2931c]" started-at="2021-03-18T18:33:49 IST" name="cleanUp" finished-at="2021-03-18T18:33:50 IST" duration-ms="1966" status="PASS">
          <params>
            <param index="0">
              <value>
                <![CDATA[[TestResult name=testSignInButton_20014 status=SUCCESS method=SignInTestCases.testSignInButton_20014(java.lang.reflect.Method)[pri:0, instance:homepageTest.SignInTestCases@3cc2931c] output={null}]]]>
              </value>
            </param>
          </params>
          <reporter-output>
          </reporter-output>
        </test-method> <!-- cleanUp -->
        <test-method signature="verifyIfContinueWithGoogleIsPresent_20015(java.lang.reflect.Method)[pri:1, instance:homepageTest.SignInTestCases@3cc2931c]" started-at="2021-03-18T18:33:50 IST" name="verifyIfContinueWithGoogleIsPresent_20015" finished-at="2021-03-18T18:34:19 IST" duration-ms="28368" status="PASS">
          <params>
            <param index="0">
              <value>
                <![CDATA[public void homepageTest.SignInTestCases.verifyIfContinueWithGoogleIsPresent_20015(java.lang.reflect.Method)]]>
              </value>
            </param>
          </params>
          <reporter-output>
          </reporter-output>
        </test-method> <!-- verifyIfContinueWithGoogleIsPresent_20015 -->
        <test-method is-config="true" signature="cleanUp(org.testng.ITestResult)[pri:0, instance:homepageTest.SignInTestCases@3cc2931c]" started-at="2021-03-18T18:34:19 IST" name="cleanUp" finished-at="2021-03-18T18:34:20 IST" duration-ms="1478" status="PASS">
          <params>
            <param index="0">
              <value>
                <![CDATA[[TestResult name=verifyIfContinueWithGoogleIsPresent_20015 status=SUCCESS method=SignInTestCases.verifyIfContinueWithGoogleIsPresent_20015(java.lang.reflect.Method)[pri:1, instance:homepageTest.SignInTestCases@3cc2931c] output={null}]]]>
              </value>
            </param>
          </params>
          <reporter-output>
          </reporter-output>
        </test-method> <!-- cleanUp -->
        <test-method signature="testContinueWithGoogleButton_20016(java.lang.reflect.Method)[pri:0, instance:homepageTest.SignInTestCases@3cc2931c]" started-at="2021-03-18T18:34:20 IST" name="testContinueWithGoogleButton_20016" finished-at="2021-03-18T18:35:02 IST" depends-on-methods="homepageTest.SignInTestCases.verifyIfContinueWithGoogleIsPresent_20015" duration-ms="42018" status="PASS">
          <params>
            <param index="0">
              <value>
                <![CDATA[public void homepageTest.SignInTestCases.testContinueWithGoogleButton_20016(java.lang.reflect.Method)]]>
              </value>
            </param>
          </params>
          <reporter-output>
          </reporter-output>
        </test-method> <!-- testContinueWithGoogleButton_20016 -->
        <test-method is-config="true" signature="cleanUp(org.testng.ITestResult)[pri:0, instance:homepageTest.SignInTestCases@3cc2931c]" started-at="2021-03-18T18:35:02 IST" name="cleanUp" finished-at="2021-03-18T18:35:04 IST" duration-ms="1470" status="PASS">
          <params>
            <param index="0">
              <value>
                <![CDATA[[TestResult name=testContinueWithGoogleButton_20016 status=SUCCESS method=SignInTestCases.testContinueWithGoogleButton_20016(java.lang.reflect.Method)[pri:0, instance:homepageTest.SignInTestCases@3cc2931c] output={null}]]]>
              </value>
            </param>
          </params>
          <reporter-output>
          </reporter-output>
        </test-method> <!-- cleanUp -->
        <test-method signature="signInWithInValidEmail_20019(java.lang.reflect.Method)[pri:0, instance:homepageTest.SignInTestCases@3cc2931c]" started-at="2021-03-18T18:35:04 IST" name="signInWithInValidEmail_20019" finished-at="2021-03-18T18:35:56 IST" depends-on-methods="homepageTest.SignInTestCases.testContinueWithGoogleButton_20016" duration-ms="51722" status="PASS">
          <params>
            <param index="0">
              <value>
                <![CDATA[public void homepageTest.SignInTestCases.signInWithInValidEmail_20019(java.lang.reflect.Method)]]>
              </value>
            </param>
          </params>
          <reporter-output>
          </reporter-output>
        </test-method> <!-- signInWithInValidEmail_20019 -->
        <test-method is-config="true" signature="cleanUp(org.testng.ITestResult)[pri:0, instance:homepageTest.SignInTestCases@3cc2931c]" started-at="2021-03-18T18:35:56 IST" name="cleanUp" finished-at="2021-03-18T18:35:57 IST" duration-ms="1493" status="PASS">
          <params>
            <param index="0">
              <value>
                <![CDATA[[TestResult name=signInWithInValidEmail_20019 status=SUCCESS method=SignInTestCases.signInWithInValidEmail_20019(java.lang.reflect.Method)[pri:0, instance:homepageTest.SignInTestCases@3cc2931c] output={null}]]]>
              </value>
            </param>
          </params>
          <reporter-output>
          </reporter-output>
        </test-method> <!-- cleanUp -->
        <test-method signature="produceErrorWhileSignInWithoutEmail_20020(java.lang.reflect.Method)[pri:0, instance:homepageTest.SignInTestCases@3cc2931c]" started-at="2021-03-18T18:35:57 IST" name="produceErrorWhileSignInWithoutEmail_20020" finished-at="2021-03-18T18:36:38 IST" depends-on-methods="homepageTest.SignInTestCases.signInWithInValidEmail_20019, homepageTest.SignInTestCases.testContinueWithGoogleButton_20016" duration-ms="40648" status="PASS">
          <params>
            <param index="0">
              <value>
                <![CDATA[public void homepageTest.SignInTestCases.produceErrorWhileSignInWithoutEmail_20020(java.lang.reflect.Method)]]>
              </value>
            </param>
          </params>
          <reporter-output>
          </reporter-output>
        </test-method> <!-- produceErrorWhileSignInWithoutEmail_20020 -->
        <test-method is-config="true" signature="cleanUp(org.testng.ITestResult)[pri:0, instance:homepageTest.SignInTestCases@3cc2931c]" started-at="2021-03-18T18:36:38 IST" name="cleanUp" finished-at="2021-03-18T18:36:39 IST" duration-ms="1530" status="PASS">
          <params>
            <param index="0">
              <value>
                <![CDATA[[TestResult name=produceErrorWhileSignInWithoutEmail_20020 status=SUCCESS method=SignInTestCases.produceErrorWhileSignInWithoutEmail_20020(java.lang.reflect.Method)[pri:0, instance:homepageTest.SignInTestCases@3cc2931c] output={null}]]]>
              </value>
            </param>
          </params>
          <reporter-output>
          </reporter-output>
        </test-method> <!-- cleanUp -->
      </class> <!-- homepageTest.SignInTestCases -->
    </test> <!-- SignIn Test -->
    <test started-at="2021-03-18T18:36:39 IST" name="Movies Test" finished-at="2021-03-18T18:39:24 IST" duration-ms="164448">
      <class name="homepageTest.MoviesTestCases">
        <test-method is-config="true" signature="setUp()[pri:0, instance:homepageTest.MoviesTestCases@703580bf]" started-at="2021-03-18T18:36:39 IST" name="setUp" finished-at="2021-03-18T18:36:39 IST" duration-ms="139" status="PASS">
          <reporter-output>
          </reporter-output>
        </test-method> <!-- setUp -->
        <test-method signature="testIsMoviesButtonPresent_20009(java.lang.reflect.Method)[pri:0, instance:homepageTest.MoviesTestCases@703580bf]" started-at="2021-03-18T18:36:39 IST" name="testIsMoviesButtonPresent_20009" finished-at="2021-03-18T18:37:06 IST" duration-ms="26441" status="PASS">
          <params>
            <param index="0">
              <value>
                <![CDATA[public void homepageTest.MoviesTestCases.testIsMoviesButtonPresent_20009(java.lang.reflect.Method)]]>
              </value>
            </param>
          </params>
          <reporter-output>
          </reporter-output>
        </test-method> <!-- testIsMoviesButtonPresent_20009 -->
        <test-method is-config="true" signature="cleanUp(org.testng.ITestResult)[pri:0, instance:homepageTest.MoviesTestCases@703580bf]" started-at="2021-03-18T18:37:06 IST" name="cleanUp" finished-at="2021-03-18T18:37:07 IST" duration-ms="1269" status="PASS">
          <params>
            <param index="0">
              <value>
                <![CDATA[[TestResult name=testIsMoviesButtonPresent_20009 status=SUCCESS method=MoviesTestCases.testIsMoviesButtonPresent_20009(java.lang.reflect.Method)[pri:0, instance:homepageTest.MoviesTestCases@703580bf] output={null}]]]>
              </value>
            </param>
          </params>
          <reporter-output>
          </reporter-output>
        </test-method> <!-- cleanUp -->
        <test-method signature="checkIfClearButtonIsActive_20010(java.lang.reflect.Method)[pri:1, instance:homepageTest.MoviesTestCases@703580bf]" started-at="2021-03-18T18:37:07 IST" name="checkIfClearButtonIsActive_20010" finished-at="2021-03-18T18:37:47 IST" duration-ms="39634" status="PASS">
          <params>
            <param index="0">
              <value>
                <![CDATA[public void homepageTest.MoviesTestCases.checkIfClearButtonIsActive_20010(java.lang.reflect.Method)]]>
              </value>
            </param>
          </params>
          <reporter-output>
          </reporter-output>
        </test-method> <!-- checkIfClearButtonIsActive_20010 -->
        <test-method is-config="true" signature="cleanUp(org.testng.ITestResult)[pri:0, instance:homepageTest.MoviesTestCases@703580bf]" started-at="2021-03-18T18:37:47 IST" name="cleanUp" finished-at="2021-03-18T18:37:48 IST" duration-ms="1349" status="PASS">
          <params>
            <param index="0">
              <value>
                <![CDATA[[TestResult name=checkIfClearButtonIsActive_20010 status=SUCCESS method=MoviesTestCases.checkIfClearButtonIsActive_20010(java.lang.reflect.Method)[pri:1, instance:homepageTest.MoviesTestCases@703580bf] output={null}]]]>
              </value>
            </param>
          </params>
          <reporter-output>
          </reporter-output>
        </test-method> <!-- cleanUp -->
        <test-method signature="testIfLanguagesButtonIsActive_20011(java.lang.reflect.Method)[pri:1, instance:homepageTest.MoviesTestCases@703580bf]" started-at="2021-03-18T18:37:48 IST" name="testIfLanguagesButtonIsActive_20011" finished-at="2021-03-18T18:38:19 IST" duration-ms="31298" status="PASS">
          <params>
            <param index="0">
              <value>
                <![CDATA[public void homepageTest.MoviesTestCases.testIfLanguagesButtonIsActive_20011(java.lang.reflect.Method)]]>
              </value>
            </param>
          </params>
          <reporter-output>
          </reporter-output>
        </test-method> <!-- testIfLanguagesButtonIsActive_20011 -->
        <test-method is-config="true" signature="cleanUp(org.testng.ITestResult)[pri:0, instance:homepageTest.MoviesTestCases@703580bf]" started-at="2021-03-18T18:38:19 IST" name="cleanUp" finished-at="2021-03-18T18:38:21 IST" duration-ms="1263" status="PASS">
          <params>
            <param index="0">
              <value>
                <![CDATA[[TestResult name=testIfLanguagesButtonIsActive_20011 status=SUCCESS method=MoviesTestCases.testIfLanguagesButtonIsActive_20011(java.lang.reflect.Method)[pri:1, instance:homepageTest.MoviesTestCases@703580bf] output={null}]]]>
              </value>
            </param>
          </params>
          <reporter-output>
          </reporter-output>
        </test-method> <!-- cleanUp -->
        <test-method signature="testIfLanguagesAreDisplayed_20012(java.lang.reflect.Method)[pri:2, instance:homepageTest.MoviesTestCases@703580bf]" started-at="2021-03-18T18:38:21 IST" name="testIfLanguagesAreDisplayed_20012" finished-at="2021-03-18T18:38:52 IST" duration-ms="31036" status="PASS">
          <params>
            <param index="0">
              <value>
                <![CDATA[public void homepageTest.MoviesTestCases.testIfLanguagesAreDisplayed_20012(java.lang.reflect.Method)]]>
              </value>
            </param>
          </params>
          <reporter-output>
          </reporter-output>
        </test-method> <!-- testIfLanguagesAreDisplayed_20012 -->
        <test-method is-config="true" signature="cleanUp(org.testng.ITestResult)[pri:0, instance:homepageTest.MoviesTestCases@703580bf]" started-at="2021-03-18T18:38:52 IST" name="cleanUp" finished-at="2021-03-18T18:38:53 IST" duration-ms="1277" status="PASS">
          <params>
            <param index="0">
              <value>
                <![CDATA[[TestResult name=testIfLanguagesAreDisplayed_20012 status=SUCCESS method=MoviesTestCases.testIfLanguagesAreDisplayed_20012(java.lang.reflect.Method)[pri:2, instance:homepageTest.MoviesTestCases@703580bf] output={null}]]]>
              </value>
            </param>
          </params>
          <reporter-output>
          </reporter-output>
        </test-method> <!-- cleanUp -->
        <test-method signature="printListOfAllTheLanguages_20013(java.lang.reflect.Method)[pri:3, instance:homepageTest.MoviesTestCases@703580bf]" started-at="2021-03-18T18:38:53 IST" name="printListOfAllTheLanguages_20013" finished-at="2021-03-18T18:39:22 IST" duration-ms="29497" status="PASS">
          <params>
            <param index="0">
              <value>
                <![CDATA[public void homepageTest.MoviesTestCases.printListOfAllTheLanguages_20013(java.lang.reflect.Method)]]>
              </value>
            </param>
          </params>
          <reporter-output>
          </reporter-output>
        </test-method> <!-- printListOfAllTheLanguages_20013 -->
        <test-method is-config="true" signature="cleanUp(org.testng.ITestResult)[pri:0, instance:homepageTest.MoviesTestCases@703580bf]" started-at="2021-03-18T18:39:22 IST" name="cleanUp" finished-at="2021-03-18T18:39:24 IST" duration-ms="1237" status="PASS">
          <params>
            <param index="0">
              <value>
                <![CDATA[[TestResult name=printListOfAllTheLanguages_20013 status=SUCCESS method=MoviesTestCases.printListOfAllTheLanguages_20013(java.lang.reflect.Method)[pri:3, instance:homepageTest.MoviesTestCases@703580bf] output={null}]]]>
              </value>
            </param>
          </params>
          <reporter-output>
          </reporter-output>
        </test-method> <!-- cleanUp -->
      </class> <!-- homepageTest.MoviesTestCases -->
    </test> <!-- Movies Test -->
    <test started-at="2021-03-18T18:39:24 IST" name="Sports Test" finished-at="2021-03-18T18:43:47 IST" duration-ms="263106">
      <class name="homepageTest.SportsTestCases">
        <test-method is-config="true" signature="setUp()[pri:0, instance:homepageTest.SportsTestCases@2667f029]" started-at="2021-03-18T18:39:24 IST" name="setUp" finished-at="2021-03-18T18:39:24 IST" duration-ms="128" status="PASS">
          <reporter-output>
          </reporter-output>
        </test-method> <!-- setUp -->
        <test-method signature="checkIfCityElementIsActive_20001(java.lang.reflect.Method)[pri:0, instance:homepageTest.SportsTestCases@2667f029]" started-at="2021-03-18T18:39:24 IST" name="checkIfCityElementIsActive_20001" finished-at="2021-03-18T18:39:48 IST" duration-ms="23878" status="PASS">
          <params>
            <param index="0">
              <value>
                <![CDATA[public void homepageTest.SportsTestCases.checkIfCityElementIsActive_20001(java.lang.reflect.Method)]]>
              </value>
            </param>
          </params>
          <reporter-output>
          </reporter-output>
        </test-method> <!-- checkIfCityElementIsActive_20001 -->
        <test-method is-config="true" signature="cleanUp(org.testng.ITestResult)[pri:0, instance:homepageTest.SportsTestCases@2667f029]" started-at="2021-03-18T18:39:48 IST" name="cleanUp" finished-at="2021-03-18T18:39:49 IST" duration-ms="1265" status="PASS">
          <params>
            <param index="0">
              <value>
                <![CDATA[[TestResult name=checkIfCityElementIsActive_20001 status=SUCCESS method=SportsTestCases.checkIfCityElementIsActive_20001(java.lang.reflect.Method)[pri:0, instance:homepageTest.SportsTestCases@2667f029] output={null}]]]>
              </value>
            </param>
          </params>
          <reporter-output>
          </reporter-output>
        </test-method> <!-- cleanUp -->
        <test-method signature="getTheListOfAllSportsActivity_20007(java.lang.reflect.Method)[pri:0, instance:homepageTest.SportsTestCases@2667f029]" started-at="2021-03-18T18:39:49 IST" name="getTheListOfAllSportsActivity_20007" finished-at="2021-03-18T18:40:26 IST" duration-ms="37485" status="PASS">
          <params>
            <param index="0">
              <value>
                <![CDATA[public void homepageTest.SportsTestCases.getTheListOfAllSportsActivity_20007(java.lang.reflect.Method)]]>
              </value>
            </param>
          </params>
          <reporter-output>
          </reporter-output>
        </test-method> <!-- getTheListOfAllSportsActivity_20007 -->
        <test-method is-config="true" signature="cleanUp(org.testng.ITestResult)[pri:0, instance:homepageTest.SportsTestCases@2667f029]" started-at="2021-03-18T18:40:26 IST" name="cleanUp" finished-at="2021-03-18T18:40:28 IST" duration-ms="1488" status="PASS">
          <params>
            <param index="0">
              <value>
                <![CDATA[[TestResult name=getTheListOfAllSportsActivity_20007 status=SUCCESS method=SportsTestCases.getTheListOfAllSportsActivity_20007(java.lang.reflect.Method)[pri:0, instance:homepageTest.SportsTestCases@2667f029] output={null}]]]>
              </value>
            </param>
          </params>
          <reporter-output>
          </reporter-output>
        </test-method> <!-- cleanUp -->
        <test-method signature="testScrollDownFunctionality_20008(java.lang.reflect.Method)[pri:0, instance:homepageTest.SportsTestCases@2667f029]" started-at="2021-03-18T18:40:28 IST" name="testScrollDownFunctionality_20008" finished-at="2021-03-18T18:41:04 IST" duration-ms="35782" status="PASS">
          <params>
            <param index="0">
              <value>
                <![CDATA[public void homepageTest.SportsTestCases.testScrollDownFunctionality_20008(java.lang.reflect.Method)]]>
              </value>
            </param>
          </params>
          <reporter-output>
          </reporter-output>
        </test-method> <!-- testScrollDownFunctionality_20008 -->
        <test-method is-config="true" signature="cleanUp(org.testng.ITestResult)[pri:0, instance:homepageTest.SportsTestCases@2667f029]" started-at="2021-03-18T18:41:04 IST" name="cleanUp" finished-at="2021-03-18T18:41:05 IST" duration-ms="1459" status="PASS">
          <params>
            <param index="0">
              <value>
                <![CDATA[[TestResult name=testScrollDownFunctionality_20008 status=SUCCESS method=SportsTestCases.testScrollDownFunctionality_20008(java.lang.reflect.Method)[pri:0, instance:homepageTest.SportsTestCases@2667f029] output={null}]]]>
              </value>
            </param>
          </params>
          <reporter-output>
          </reporter-output>
        </test-method> <!-- cleanUp -->
        <test-method signature="verifyIfTheListOfEventsAreDisplayed_20006(java.lang.reflect.Method)[pri:0, instance:homepageTest.SportsTestCases@2667f029]" started-at="2021-03-18T18:41:05 IST" name="verifyIfTheListOfEventsAreDisplayed_20006" finished-at="2021-03-18T18:41:42 IST" duration-ms="37132" status="PASS">
          <params>
            <param index="0">
              <value>
                <![CDATA[public void homepageTest.SportsTestCases.verifyIfTheListOfEventsAreDisplayed_20006(java.lang.reflect.Method)]]>
              </value>
            </param>
          </params>
          <reporter-output>
          </reporter-output>
        </test-method> <!-- verifyIfTheListOfEventsAreDisplayed_20006 -->
        <test-method is-config="true" signature="cleanUp(org.testng.ITestResult)[pri:0, instance:homepageTest.SportsTestCases@2667f029]" started-at="2021-03-18T18:41:42 IST" name="cleanUp" finished-at="2021-03-18T18:41:44 IST" duration-ms="1354" status="PASS">
          <params>
            <param index="0">
              <value>
                <![CDATA[[TestResult name=verifyIfTheListOfEventsAreDisplayed_20006 status=SUCCESS method=SportsTestCases.verifyIfTheListOfEventsAreDisplayed_20006(java.lang.reflect.Method)[pri:0, instance:homepageTest.SportsTestCases@2667f029] output={null}]]]>
              </value>
            </param>
          </params>
          <reporter-output>
          </reporter-output>
        </test-method> <!-- cleanUp -->
        <test-method signature="selectCityFromTheList_20002(java.lang.reflect.Method)[pri:1, instance:homepageTest.SportsTestCases@2667f029]" started-at="2021-03-18T18:41:44 IST" name="selectCityFromTheList_20002" finished-at="2021-03-18T18:42:05 IST" duration-ms="21626" status="PASS">
          <params>
            <param index="0">
              <value>
                <![CDATA[public void homepageTest.SportsTestCases.selectCityFromTheList_20002(java.lang.reflect.Method)]]>
              </value>
            </param>
          </params>
          <reporter-output>
          </reporter-output>
        </test-method> <!-- selectCityFromTheList_20002 -->
        <test-method is-config="true" signature="cleanUp(org.testng.ITestResult)[pri:0, instance:homepageTest.SportsTestCases@2667f029]" started-at="2021-03-18T18:42:05 IST" name="cleanUp" finished-at="2021-03-18T18:42:07 IST" duration-ms="1457" status="PASS">
          <params>
            <param index="0">
              <value>
                <![CDATA[[TestResult name=selectCityFromTheList_20002 status=SUCCESS method=SportsTestCases.selectCityFromTheList_20002(java.lang.reflect.Method)[pri:1, instance:homepageTest.SportsTestCases@2667f029] output={null}]]]>
              </value>
            </param>
          </params>
          <reporter-output>
          </reporter-output>
        </test-method> <!-- cleanUp -->
        <test-method signature="testSportsLinkButton_20003(java.lang.reflect.Method)[pri:2, instance:homepageTest.SportsTestCases@2667f029]" started-at="2021-03-18T18:42:07 IST" name="testSportsLinkButton_20003" finished-at="2021-03-18T18:42:30 IST" duration-ms="23212" status="PASS">
          <params>
            <param index="0">
              <value>
                <![CDATA[public void homepageTest.SportsTestCases.testSportsLinkButton_20003(java.lang.reflect.Method)]]>
              </value>
            </param>
          </params>
          <reporter-output>
          </reporter-output>
        </test-method> <!-- testSportsLinkButton_20003 -->
        <test-method is-config="true" signature="cleanUp(org.testng.ITestResult)[pri:0, instance:homepageTest.SportsTestCases@2667f029]" started-at="2021-03-18T18:42:30 IST" name="cleanUp" finished-at="2021-03-18T18:42:31 IST" duration-ms="1448" status="PASS">
          <params>
            <param index="0">
              <value>
                <![CDATA[[TestResult name=testSportsLinkButton_20003 status=SUCCESS method=SportsTestCases.testSportsLinkButton_20003(java.lang.reflect.Method)[pri:2, instance:homepageTest.SportsTestCases@2667f029] output={null}]]]>
              </value>
            </param>
          </params>
          <reporter-output>
          </reporter-output>
        </test-method> <!-- cleanUp -->
        <test-method signature="testIfUserIsAbleToChangeTheCity_20004(java.lang.reflect.Method)[pri:3, instance:homepageTest.SportsTestCases@2667f029]" started-at="2021-03-18T18:42:31 IST" name="testIfUserIsAbleToChangeTheCity_20004" finished-at="2021-03-18T18:43:10 IST" duration-ms="38987" status="PASS">
          <params>
            <param index="0">
              <value>
                <![CDATA[public void homepageTest.SportsTestCases.testIfUserIsAbleToChangeTheCity_20004(java.lang.reflect.Method)]]>
              </value>
            </param>
          </params>
          <reporter-output>
          </reporter-output>
        </test-method> <!-- testIfUserIsAbleToChangeTheCity_20004 -->
        <test-method is-config="true" signature="cleanUp(org.testng.ITestResult)[pri:0, instance:homepageTest.SportsTestCases@2667f029]" started-at="2021-03-18T18:43:10 IST" name="cleanUp" finished-at="2021-03-18T18:43:12 IST" duration-ms="1273" status="PASS">
          <params>
            <param index="0">
              <value>
                <![CDATA[[TestResult name=testIfUserIsAbleToChangeTheCity_20004 status=SUCCESS method=SportsTestCases.testIfUserIsAbleToChangeTheCity_20004(java.lang.reflect.Method)[pri:3, instance:homepageTest.SportsTestCases@2667f029] output={null}]]]>
              </value>
            </param>
          </params>
          <reporter-output>
          </reporter-output>
        </test-method> <!-- cleanUp -->
        <test-method signature="testThisWeekendFunctionality_20005(java.lang.reflect.Method)[pri:4, instance:homepageTest.SportsTestCases@2667f029]" started-at="2021-03-18T18:43:12 IST" name="testThisWeekendFunctionality_20005" finished-at="2021-03-18T18:43:45 IST" duration-ms="33705" status="PASS">
          <params>
            <param index="0">
              <value>
                <![CDATA[public void homepageTest.SportsTestCases.testThisWeekendFunctionality_20005(java.lang.reflect.Method)]]>
              </value>
            </param>
          </params>
          <reporter-output>
          </reporter-output>
        </test-method> <!-- testThisWeekendFunctionality_20005 -->
        <test-method is-config="true" signature="cleanUp(org.testng.ITestResult)[pri:0, instance:homepageTest.SportsTestCases@2667f029]" started-at="2021-03-18T18:43:45 IST" name="cleanUp" finished-at="2021-03-18T18:43:47 IST" duration-ms="1421" status="PASS">
          <params>
            <param index="0">
              <value>
                <![CDATA[[TestResult name=testThisWeekendFunctionality_20005 status=SUCCESS method=SportsTestCases.testThisWeekendFunctionality_20005(java.lang.reflect.Method)[pri:4, instance:homepageTest.SportsTestCases@2667f029] output={null}]]]>
              </value>
            </param>
          </params>
          <reporter-output>
          </reporter-output>
        </test-method> <!-- cleanUp -->
      </class> <!-- homepageTest.SportsTestCases -->
    </test> <!-- Sports Test -->
  </suite> <!-- Smoke TestSuite -->
</testng-results>
