<?xml version="1.0" encoding="UTF-8"?>
<!-- Generated by org.testng.reporters.JUnitXMLReporter -->
<testsuite hostname="Fasid-Legion-Y540" ignored="2" name="Default test" tests="5" failures="0" timestamp="2021-05-08T17:34:03 IST" time="143.601" errors="0">
  <testcase name="testSignInButton_20014" time="21.602" classname="homepageTest.SignInTestCases"/>
  <testcase name="verifyIfContinueWithGoogleIsPresent_20015" time="19.331" classname="homepageTest.SignInTestCases"/>
  <testcase name="testContinueWithGoogleButton_20016" time="28.294" classname="homepageTest.SignInTestCases"/>
  <testcase name="signInWithInValidEmail_20019" time="38.795" classname="homepageTest.SignInTestCases"/>
  <testcase name="produceErrorWhileSignInWithoutEmail_20020" time="32.355" classname="homepageTest.SignInTestCases"/>
  <testcase name="signInWithValidEmail_20017" time="0.0" classname="homepageTest.SignInTestCases">
    <ignored/>
  </testcase> <!-- signInWithValidEmail_20017 -->
  <testcase name="signInWithValidEmailAndInvalidPassword_20018" time="0.0" classname="homepageTest.SignInTestCases">
    <ignored/>
  </testcase> <!-- signInWithValidEmailAndInvalidPassword_20018 -->
</testsuite> <!-- Default test -->
